Arguments: 
  /usr/local/bin/node /Users/vankhachuy/.yarn/bin/yarn.js add @types/react-native-toast-message

PATH: 
  /Users/vankhachuy/.rvm/gems/ruby-2.6.3/bin:/Users/vankhachuy/.rvm/gems/ruby-2.6.3@global/bin:/Users/vankhachuy/.rvm/rubies/ruby-2.6.3/bin:/Users/vankhachuy/.yarn/bin:/Users/vankhachuy/.config/yarn/global/node_modules/.bin:/usr/local/sbin:/Users/vankhachuy/.sdkbox/bin:/Library/Frameworks/Python.framework/Versions/3.8/bin:/Library/Frameworks/Python.framework/Versions/2.7/bin:/usr/local/bin:/usr/bin:/bin:/usr/sbin:/sbin:/usr/local/share/dotnet:~/.dotnet/tools:/Library/Apple/usr/bin:/Users/vankhachuy/.rvm/gems/ruby-2.6.3/bin:/Users/vankhachuy/.rvm/gems/ruby-2.6.3@global/bin:/Users/vankhachuy/.rvm/rubies/ruby-2.6.3/bin:/Users/vankhachuy/.yarn/bin:/Users/vankhachuy/.config/yarn/global/node_modules/.bin:/usr/local/sbin:/Users/vankhachuy/.sdkbox/bin:/Library/Frameworks/Python.framework/Versions/3.8/bin:/Library/Frameworks/Python.framework/Versions/2.7/bin:/Users/vankhachuy/.rvm/bin:/Users/vankhachuy/.rvm/bin

Yarn version: 
  1.22.0

Node version: 
  10.16.3

Platform: 
  darwin x64

Trace: 
  Error: https://registry.yarnpkg.com/@types%2freact-native-toast-message: Not found
      at Request.params.callback [as _callback] (/Users/vankhachuy/.yarn/lib/cli.js:66975:18)
      at Request.self.callback (/Users/vankhachuy/.yarn/lib/cli.js:140727:22)
      at Request.emit (events.js:198:13)
      at Request.<anonymous> (/Users/vankhachuy/.yarn/lib/cli.js:141699:10)
      at Request.emit (events.js:198:13)
      at IncomingMessage.<anonymous> (/Users/vankhachuy/.yarn/lib/cli.js:141621:12)
      at Object.onceWrapper (events.js:286:20)
      at IncomingMessage.emit (events.js:203:15)
      at endReadableNT (_stream_readable.js:1145:12)
      at process._tickCallback (internal/process/next_tick.js:63:19)

npm manifest: 
  {
    "name": "message-app",
    "version": "1.0.0",
    "description": "",
    "main": "index.js",
    "scripts": {
      "server": "cd server && FRONTEND='http://localhost:3001' PORT=3000 SECRET_SESSION=5e30529170318c02a2630e52 SECRET_KEY=5e30529170318c02a2630e52 DATABASE='mongodb://127.0.0.1:27017/message' npm run start",
      "frontend": "cd frontend && PORT=3001 npm start"
    },
    "repository": {
      "type": "git",
      "url": "git+https://github.com/huyvk3110/Message-App-Fullstack.git"
    },
    "author": "",
    "license": "ISC",
    "bugs": {
      "url": "https://github.com/huyvk3110/Message-App-Fullstack/issues"
    },
    "homepage": "https://github.com/huyvk3110/Message-App-Fullstack#readme",
    "dependencies": {
      "react-native-toast-message": "^1.3.2"
    }
  }

yarn manifest: 
  No manifest

Lockfile: 
  # THIS IS AN AUTOGENERATED FILE. DO NOT EDIT THIS FILE DIRECTLY.
  # yarn lockfile v1
  
  
  react-native-toast-message@^1.3.2:
    version "1.3.2"
    resolved "https://registry.yarnpkg.com/react-native-toast-message/-/react-native-toast-message-1.3.2.tgz#70b4e6832798ec7d76e1f7077bca9f35efb39518"
    integrity sha512-Lxw2HMJ8OxaSI6mRni1L+vCwfsbqzwIT2PEN5yvdHj4xMRQdy2kRMQP6fZWcw3MPOj92z0iZ7hQc/T9cg5Zxog==
